<?xml version="1.0" encoding="UTF-8"?>
<!-- Generated by org.testng.reporters.JUnitXMLReporter -->
<testsuite ignored="2" hostname="MarkBook-Pro.local" failures="2" tests="11" name="Test 1" time="3.241" errors="0" timestamp="2020-01-12T11:29:55 EST">
  <testcase classname="io.techleadacademy.testNGJan1120.TestTags" name="subtract" time="0.017"/>
  <testcase classname="io.techleadacademy.testNGJan1120.TestTags" name="subtract2" time="0.001"/>
  <testcase classname="io.techleadacademy.testNGJan1120.TestTags" name="_001multiply" time="0.0"/>
  <testcase classname="io.techleadacademy.testNGJan1120.TestTags" name="add1" time="0.005"/>
  <testcase classname="io.techleadacademy.testNGJan1120.TestTags" name="add2" time="0.002"/>
  <testcase classname="io.techleadacademy.testNGJan1120.TestTags" name="divide" time="0.002"/>
  <testcase classname="io.techleadacademy.testNGJan1120.TestTags" name="divide2" time="0.002"/>
  <testcase classname="io.techleadacademy.testNGJan1120.TestTags" name="logInPerformanceTest" time="3.029"/>
  <testcase classname="io.techleadacademy.testNGJan1120.TestTags" name="testUserName" time="0.0">
    <failure type="org.testng.TestNGException" message="
Parameter &amp;apos;username&amp;apos; is required by @Test on method testUserName but has not been marked @Optional or defined
in /Users/admin/IdeaProjects/MavenProject/testNG.xml">
      <![CDATA[org.testng.TestNGException: 
Parameter 'username' is required by @Test on method testUserName but has not been marked @Optional or defined
in /Users/admin/IdeaProjects/MavenProject/testNG.xml
at java.base/java.util.ArrayList.forEach(ArrayList.java:1540)
at com.intellij.rt.testng.IDEARemoteTestNG.run(IDEARemoteTestNG.java:66)
at com.intellij.rt.testng.RemoteTestNGStarter.main(RemoteTestNGStarter.java:110)
... Removed 23 stack frames]]>
    </failure>
  </testcase> <!-- testUserName -->
  <testcase classname="io.techleadacademy.testNGJan1120.TestTags" name="testUserName1" time="0.007">
    <failure type="java.lang.AssertionError" message="expected [XxX] but found [Your name]">
      <![CDATA[java.lang.AssertionError: expected [XxX] but found [Your name]
at io.techleadacademy.testNGJan1120.TestTags.testUserName1(TestTags.java:91)
at java.base/java.util.ArrayList.forEach(ArrayList.java:1540)
at com.intellij.rt.testng.IDEARemoteTestNG.run(IDEARemoteTestNG.java:66)
at com.intellij.rt.testng.RemoteTestNGStarter.main(RemoteTestNGStarter.java:110)
... Removed 29 stack frames]]>
    </failure>
  </testcase> <!-- testUserName1 -->
  <testcase classname="io.techleadacademy.TestingTestNG" name="testTwoNums" time="0.005"/>
  <testcase classname="io.techleadacademy.testNGJan1120.TestTags" name="signUpTest" time="0.0">
    <ignored/>
  </testcase> <!-- signUpTest -->
  <testcase classname="io.techleadacademy.testNGJan1120.TestTags" name="logInPerformanceTest2" time="0.0">
    <ignored/>
  </testcase> <!-- logInPerformanceTest2 -->
</testsuite> <!-- Test 1 -->
