<!DOCTYPE html PUBLIC "-//W3C//DTD XHTML 1.1//EN" "http://www.w3.org/TR/xhtml11/DTD/xhtml11.dtd">
<html xmlns="http://www.w3.org/1999/xhtml">
<head>
<meta http-equiv="content-type" content="text/html; charset=UTF-8"/>
<title>TestNG Report</title>
<style type="text/css">table {margin-bottom:10px;border-collapse:collapse;empty-cells:show}th,td {border:1px solid #009;padding:.25em .5em}th {vertical-align:bottom}td {vertical-align:top}table a {font-weight:bold}.stripe td {background-color: #E6EBF9}.num {text-align:right}.passedodd td {background-color: #3F3}.passedeven td {background-color: #0A0}.skippedodd td {background-color: #DDD}.skippedeven td {background-color: #CCC}.failedodd td,.attn {background-color: #F33}.failedeven td,.stripe .attn {background-color: #D00}.stacktrace {white-space:pre;font-family:monospace}.totop {font-size:85%;text-align:center;border-bottom:2px solid #000}.invisible {display:none}</style>
</head>
<body>
<table>
<tr><th>Test</th><th># Passed</th><th># Skipped</th><th># Retried</th><th># Failed</th><th>Time (ms)</th><th>Included Groups</th><th>Excluded Groups</th></tr>
<tr><th colspan="8">Test suite</th></tr>
<tr><td><a href="#t0">Test 1</a></td><td class="num">9</td><td class="num">0</td><td class="num">0</td><td class="num attn">2</td><td class="num">3,241</td><td></td><td></td></tr>
</table>
<table id='summary'><thead><tr><th>Class</th><th>Method</th><th>Start</th><th>Time (ms)</th></tr></thead><tbody><tr><th colspan="4">Test suite</th></tr></tbody><tbody id="t0"><tr><th colspan="4">Test 1 &#8212; failed</th></tr><tr class="failedeven"><td rowspan="2">io.techleadacademy.testNGJan1120.TestTags</td><td><a href="#m0">testUserName</a></td><td rowspan="1">1578846594902</td><td rowspan="1">0</td></tr><tr class="failedeven"><td><a href="#m1">testUserName1</a></td><td rowspan="1">1578846594932</td><td rowspan="1">7</td></tr><tr><th colspan="4">Test 1 &#8212; passed</th></tr><tr class="passedeven"><td rowspan="1">io.techleadacademy.TestingTestNG</td><td><a href="#m2">testTwoNums</a></td><td rowspan="1">1578846594949</td><td rowspan="1">5</td></tr><tr class="passedodd"><td rowspan="8">io.techleadacademy.testNGJan1120.TestTags</td><td><a href="#m3">_001multiply</a></td><td rowspan="1">1578846591808</td><td rowspan="1">0</td></tr><tr class="passedodd"><td><a href="#m4">add1</a></td><td rowspan="1">1578846591818</td><td rowspan="1">5</td></tr><tr class="passedodd"><td><a href="#m5">add2</a></td><td rowspan="1">1578846591834</td><td rowspan="1">2</td></tr><tr class="passedodd"><td><a href="#m6">divide</a></td><td rowspan="1">1578846591846</td><td rowspan="1">2</td></tr><tr class="passedodd"><td><a href="#m7">divide2</a></td><td rowspan="1">1578846591854</td><td rowspan="1">2</td></tr><tr class="passedodd"><td><a href="#m8">logInPerformanceTest</a></td><td rowspan="1">1578846591866</td><td rowspan="1">3029</td></tr><tr class="passedodd"><td><a href="#m9">subtract</a></td><td rowspan="1">1578846591766</td><td rowspan="1">17</td></tr><tr class="passedodd"><td><a href="#m10">subtract2</a></td><td rowspan="1">1578846591805</td><td rowspan="1">1</td></tr></tbody>
</table>
<h2>Test 1</h2><h3 id="m0">io.techleadacademy.testNGJan1120.TestTags#testUserName</h3><table class="result"><tr><th>Exception</th></tr><tr><td><div class="stacktrace">org.testng.TestNGException: 
Parameter &apos;username&apos; is required by @Test on method testUserName but has not been marked @Optional or defined
in /Users/admin/IdeaProjects/MavenProject/testNG.xml
	at java.base/java.util.ArrayList.forEach(ArrayList.java:1540)
	at com.intellij.rt.testng.IDEARemoteTestNG.run(IDEARemoteTestNG.java:66)
	at com.intellij.rt.testng.RemoteTestNGStarter.main(RemoteTestNGStarter.java:110)
... Removed 23 stack frames</div></td></tr></table><p class="totop"><a href="#summary">back to summary</a></p>
<h3 id="m1">io.techleadacademy.testNGJan1120.TestTags#testUserName1</h3><table class="result"><tr class="param"><th>Parameter #1</th><th>Parameter #2</th></tr><tr class="param stripe"><td>XxX</td><td>abcdef</td></tr><tr><th colspan="2">Messages</th></tr><tr><td colspan="2"><div class="messages">Testing log in functionality using valid credentials</div></td></tr><tr><th colspan="2">Exception</th></tr><tr><td colspan="2"><div class="stacktrace">java.lang.AssertionError: expected [XxX] but found [Your name]
	at io.techleadacademy.testNGJan1120.TestTags.testUserName1(TestTags.java:91)
	at java.base/java.util.ArrayList.forEach(ArrayList.java:1540)
	at com.intellij.rt.testng.IDEARemoteTestNG.run(IDEARemoteTestNG.java:66)
	at com.intellij.rt.testng.RemoteTestNGStarter.main(RemoteTestNGStarter.java:110)
... Removed 29 stack frames</div></td></tr></table><p class="totop"><a href="#summary">back to summary</a></p>
<h3 id="m2">io.techleadacademy.TestingTestNG#testTwoNums</h3><table class="result"><tr><th class="invisible"/></tr></table><p class="totop"><a href="#summary">back to summary</a></p>
<h3 id="m3">io.techleadacademy.testNGJan1120.TestTags#_001multiply</h3><table class="result"><tr><th class="invisible"/></tr></table><p class="totop"><a href="#summary">back to summary</a></p>
<h3 id="m4">io.techleadacademy.testNGJan1120.TestTags#add1</h3><table class="result"><tr class="param"><th>Parameter #1</th></tr><tr class="param stripe"><td>public void io.techleadacademy.testNGJan1120.TestTags.add1(java.lang.reflect.Method)</td></tr></table><p class="totop"><a href="#summary">back to summary</a></p>
<h3 id="m5">io.techleadacademy.testNGJan1120.TestTags#add2</h3><table class="result"><tr><th class="invisible"/></tr></table><p class="totop"><a href="#summary">back to summary</a></p>
<h3 id="m6">io.techleadacademy.testNGJan1120.TestTags#divide</h3><table class="result"><tr><th>Expected Exception</th></tr><tr><td><div class="stacktrace">java.lang.ArithmeticException: / by zero
	at io.techleadacademy.testNGJan1120.TestTags.divide(TestTags.java:51)
	at java.base/java.util.ArrayList.forEach(ArrayList.java:1540)
	at com.intellij.rt.testng.IDEARemoteTestNG.run(IDEARemoteTestNG.java:66)
	at com.intellij.rt.testng.RemoteTestNGStarter.main(RemoteTestNGStarter.java:110)
... Removed 24 stack frames</div></td></tr></table><p class="totop"><a href="#summary">back to summary</a></p>
<h3 id="m7">io.techleadacademy.testNGJan1120.TestTags#divide2</h3><table class="result"><tr><th>Expected Exception</th></tr><tr><td><div class="stacktrace">java.lang.ArithmeticException: / by zero
	at io.techleadacademy.testNGJan1120.TestTags.divide2(TestTags.java:56)
	at java.base/java.util.ArrayList.forEach(ArrayList.java:1540)
	at com.intellij.rt.testng.IDEARemoteTestNG.run(IDEARemoteTestNG.java:66)
	at com.intellij.rt.testng.RemoteTestNGStarter.main(RemoteTestNGStarter.java:110)
... Removed 24 stack frames</div></td></tr></table><p class="totop"><a href="#summary">back to summary</a></p>
<h3 id="m8">io.techleadacademy.testNGJan1120.TestTags#logInPerformanceTest</h3><table class="result"><tr><th class="invisible"/></tr></table><p class="totop"><a href="#summary">back to summary</a></p>
<h3 id="m9">io.techleadacademy.testNGJan1120.TestTags#subtract</h3><table class="result"><tr><th class="invisible"/></tr></table><p class="totop"><a href="#summary">back to summary</a></p>
<h3 id="m10">io.techleadacademy.testNGJan1120.TestTags#subtract2</h3><table class="result"><tr><th class="invisible"/></tr></table><p class="totop"><a href="#summary">back to summary</a></p>
</body>
</html>
