<?xml version="1.0" encoding="UTF-8"?>
<!-- Generated by org.testng.reporters.JUnitReportReporter -->
<testsuite hostname="MarkBook-Pro.local" failures="1" tests="11" name="io.techleadacademy.testNGJan1120.TestTags" time="3.065" errors="1" timestamp="2020-01-12T11:29:55 EST" skipped="1">
  <testcase classname="io.techleadacademy.testNGJan1120.TestTags" name="subtract" time="0.017"/>
  <system-out/>
  <testcase classname="io.techleadacademy.testNGJan1120.TestTags" name="subtract2" time="0.001"/>
  <system-out/>
  <testcase classname="io.techleadacademy.testNGJan1120.TestTags" name="add1" time="0.005"/>
  <system-out/>
  <testcase classname="io.techleadacademy.testNGJan1120.TestTags" name="divide" time="0.002"/>
  <system-out/>
  <testcase classname="io.techleadacademy.testNGJan1120.TestTags" name="divide2" time="0.002"/>
  <system-out/>
  <testcase classname="io.techleadacademy.testNGJan1120.TestTags" name="testUserName" time="0.000">
    <error message="
Parameter &#039;username&#039; is required by @Test on method testUserName but has not been marked @Optional or defined
in /Users/admin/IdeaProjects/MavenProject/testNG.xml" type="org.testng.TestNGException">
      <![CDATA[org.testng.TestNGException: 
Parameter 'username' is required by @Test on method testUserName but has not been marked @Optional or defined
in /Users/admin/IdeaProjects/MavenProject/testNG.xml
at org.testng.internal.Parameters.createParams(Parameters.java:272)
at org.testng.internal.Parameters.createParametersForMethod(Parameters.java:360)
at org.testng.internal.Parameters.createParameters(Parameters.java:704)
at org.testng.internal.Parameters.handleParameters(Parameters.java:879)
at org.testng.internal.Parameters.handleParameters(Parameters.java:744)
at org.testng.internal.ParameterHandler.handleParameters(ParameterHandler.java:59)
at org.testng.internal.ParameterHandler.createParameters(ParameterHandler.java:38)
at org.testng.internal.TestInvoker$MethodInvocationAgent.invoke(TestInvoker.java:783)
at org.testng.internal.TestInvoker.invokeTestMethods(TestInvoker.java:146)
at org.testng.internal.TestMethodWorker.invokeTestMethods(TestMethodWorker.java:146)
at org.testng.internal.TestMethodWorker.run(TestMethodWorker.java:128)
at java.base/java.util.ArrayList.forEach(ArrayList.java:1540)
at org.testng.TestRunner.privateRun(TestRunner.java:766)
at org.testng.TestRunner.run(TestRunner.java:587)
at org.testng.SuiteRunner.runTest(SuiteRunner.java:384)
at org.testng.SuiteRunner.runSequentially(SuiteRunner.java:378)
at org.testng.SuiteRunner.privateRun(SuiteRunner.java:337)
at org.testng.SuiteRunner.run(SuiteRunner.java:286)
at org.testng.SuiteRunnerWorker.runSuite(SuiteRunnerWorker.java:53)
at org.testng.SuiteRunnerWorker.run(SuiteRunnerWorker.java:96)
at org.testng.TestNG.runSuitesSequentially(TestNG.java:1187)
at org.testng.TestNG.runSuitesLocally(TestNG.java:1109)
at org.testng.TestNG.runSuites(TestNG.java:1039)
at org.testng.TestNG.run(TestNG.java:1007)
at com.intellij.rt.testng.IDEARemoteTestNG.run(IDEARemoteTestNG.java:66)
at com.intellij.rt.testng.RemoteTestNGStarter.main(RemoteTestNGStarter.java:110)
]]>
    </error>
  </testcase> <!-- testUserName -->
  <system-out/>
  <testcase classname="io.techleadacademy.testNGJan1120.TestTags" name="logInPerformanceTest" time="3.029"/>
  <system-out/>
  <testcase classname="io.techleadacademy.testNGJan1120.TestTags" name="add2" time="0.002"/>
  <system-out/>
  <testcase classname="io.techleadacademy.testNGJan1120.TestTags" name="_001multiply" time="0.000"/>
  <system-out/>
  <testcase classname="io.techleadacademy.testNGJan1120.TestTags" name="testUserName1" time="0.007">
    <failure message="expected [XxX] but found [Your name]" type="java.lang.AssertionError">
      <![CDATA[java.lang.AssertionError: expected [XxX] but found [Your name]
at org.testng.Assert.fail(Assert.java:97)
at org.testng.Assert.assertEqualsImpl(Assert.java:136)
at org.testng.Assert.assertEquals(Assert.java:118)
at org.testng.Assert.assertEquals(Assert.java:575)
at org.testng.Assert.assertEquals(Assert.java:585)
at io.techleadacademy.testNGJan1120.TestTags.testUserName1(TestTags.java:91)
at java.base/jdk.internal.reflect.NativeMethodAccessorImpl.invoke0(Native Method)
at java.base/jdk.internal.reflect.NativeMethodAccessorImpl.invoke(NativeMethodAccessorImpl.java:62)
at java.base/jdk.internal.reflect.DelegatingMethodAccessorImpl.invoke(DelegatingMethodAccessorImpl.java:43)
at java.base/java.lang.reflect.Method.invoke(Method.java:567)
at org.testng.internal.MethodInvocationHelper.invokeMethod(MethodInvocationHelper.java:134)
at org.testng.internal.TestInvoker.invokeMethod(TestInvoker.java:597)
at org.testng.internal.TestInvoker.invokeTestMethod(TestInvoker.java:173)
at org.testng.internal.MethodRunner.runInSequence(MethodRunner.java:46)
at org.testng.internal.TestInvoker$MethodInvocationAgent.invoke(TestInvoker.java:816)
at org.testng.internal.TestInvoker.invokeTestMethods(TestInvoker.java:146)
at org.testng.internal.TestMethodWorker.invokeTestMethods(TestMethodWorker.java:146)
at org.testng.internal.TestMethodWorker.run(TestMethodWorker.java:128)
at java.base/java.util.ArrayList.forEach(ArrayList.java:1540)
at org.testng.TestRunner.privateRun(TestRunner.java:766)
at org.testng.TestRunner.run(TestRunner.java:587)
at org.testng.SuiteRunner.runTest(SuiteRunner.java:384)
at org.testng.SuiteRunner.runSequentially(SuiteRunner.java:378)
at org.testng.SuiteRunner.privateRun(SuiteRunner.java:337)
at org.testng.SuiteRunner.run(SuiteRunner.java:286)
at org.testng.SuiteRunnerWorker.runSuite(SuiteRunnerWorker.java:53)
at org.testng.SuiteRunnerWorker.run(SuiteRunnerWorker.java:96)
at org.testng.TestNG.runSuitesSequentially(TestNG.java:1187)
at org.testng.TestNG.runSuitesLocally(TestNG.java:1109)
at org.testng.TestNG.runSuites(TestNG.java:1039)
at org.testng.TestNG.run(TestNG.java:1007)
at com.intellij.rt.testng.IDEARemoteTestNG.run(IDEARemoteTestNG.java:66)
at com.intellij.rt.testng.RemoteTestNGStarter.main(RemoteTestNGStarter.java:110)
]]>
    </failure>
  </testcase> <!-- testUserName1 -->
  <system-out>
Testing log in functionality using valid credentials  </system-out>
  <testcase classname="io.techleadacademy.testNGJan1120.TestTags" name="signUpTest">
    <skipped/>
  </testcase> <!-- signUpTest -->
  <system-out/>
</testsuite> <!-- io.techleadacademy.testNGJan1120.TestTags -->
